This file contains any messages produced by compilers while
running configure, to aid debugging if configure makes a mistake.

It was created by muparser configure 2.2.4, which was
generated by GNU Autoconf 2.69.  Invocation command line was

  $ ./configure --disable-option-checking --prefix=/home/rschiro/ParameterDiscovery/cluster_message_sample/BioNetGen-2.2.6 --disable-shared --cache-file=/dev/null --srcdir=.

## --------- ##
## Platform. ##
## --------- ##

hostname = hilbert.i2lab.ucf.edu
uname -m = x86_64
uname -r = 2.6.32-504.16.2.el6.x86_64
uname -s = Linux
uname -v = #1 SMP Wed Apr 22 06:48:29 UTC 2015

/usr/bin/uname -p = unknown
/bin/uname -X     = unknown

/bin/arch              = x86_64
/usr/bin/arch -k       = unknown
/usr/convex/getsysinfo = unknown
/usr/bin/hostinfo      = unknown
/bin/machine           = unknown
/usr/bin/oslevel       = unknown
/bin/universe          = unknown

PATH: /opt/openmpi/bin
PATH: /usr/lib64/qt-3.3/bin
PATH: /usr/local/bin
PATH: /bin
PATH: /usr/bin
PATH: /usr/local/sbin
PATH: /usr/sbin
PATH: /sbin
PATH: /opt/ganglia/bin
PATH: /opt/ganglia/sbin
PATH: /usr/java/latest/bin
PATH: /opt/pdsh/bin
PATH: /opt/rocks/bin
PATH: /opt/rocks/sbin
PATH: /opt/gridengine/bin/linux-x64
PATH: /home/rschiro/bin


## ----------- ##
## Core tests. ##
## ----------- ##

configure:1988: checking build system type
configure:2002: result: x86_64-unknown-linux-gnu
configure:2022: checking host system type
configure:2035: result: x86_64-unknown-linux-gnu
configure:2055: checking target system type
configure:2068: result: x86_64-unknown-linux-gnu
configure:2108: checking for gawk
configure:2124: found /bin/gawk
configure:2135: result: gawk
configure:2160: checking for a BSD-compatible install
configure:2228: result: /usr/bin/install -c
configure:2239: checking whether ln -s works
configure:2243: result: yes
configure:2293: checking for ranlib
configure:2309: found /usr/bin/ranlib
configure:2320: result: ranlib
configure:2390: checking for gcc
configure:2406: found /usr/bin/gcc
configure:2417: result: gcc
configure:2646: checking for C compiler version
configure:2655: gcc --version >&5
gcc (GCC) 4.4.7 20120313 (Red Hat 4.4.7-11)
Copyright (C) 2010 Free Software Foundation, Inc.
This is free software; see the source for copying conditions.  There is NO
warranty; not even for MERCHANTABILITY or FITNESS FOR A PARTICULAR PURPOSE.

configure:2666: $? = 0
configure:2655: gcc -v >&5
Using built-in specs.
Target: x86_64-redhat-linux
Configured with: ../configure --prefix=/usr --mandir=/usr/share/man --infodir=/usr/share/info --with-bugurl=http://bugzilla.redhat.com/bugzilla --enable-bootstrap --enable-shared --enable-threads=posix --enable-checking=release --with-system-zlib --enable-__cxa_atexit --disable-libunwind-exceptions --enable-gnu-unique-object --enable-languages=c,c++,objc,obj-c++,java,fortran,ada --enable-java-awt=gtk --disable-dssi --with-java-home=/usr/lib/jvm/java-1.5.0-gcj-1.5.0.0/jre --enable-libgcj-multifile --enable-java-maintainer-mode --with-ecj-jar=/usr/share/java/eclipse-ecj.jar --disable-libjava-multilib --with-ppl --with-cloog --with-tune=generic --with-arch_32=i686 --build=x86_64-redhat-linux
Thread model: posix
gcc version 4.4.7 20120313 (Red Hat 4.4.7-11) (GCC) 
configure:2666: $? = 0
configure:2655: gcc -V >&5
gcc: '-V' option must have argument
configure:2666: $? = 1
configure:2655: gcc -qversion >&5
gcc: unrecognized option '-qversion'
gcc: no input files
configure:2666: $? = 1
configure:2686: checking whether the C compiler works
configure:2708: gcc    conftest.c  >&5
configure:2712: $? = 0
configure:2760: result: yes
configure:2763: checking for C compiler default output file name
configure:2765: result: a.out
configure:2771: checking for suffix of executables
configure:2778: gcc -o conftest    conftest.c  >&5
configure:2782: $? = 0
configure:2804: result: 
configure:2826: checking whether we are cross compiling
configure:2834: gcc -o conftest    conftest.c  >&5
configure:2838: $? = 0
configure:2845: ./conftest
configure:2849: $? = 0
configure:2864: result: no
configure:2869: checking for suffix of object files
configure:2891: gcc -c   conftest.c >&5
configure:2895: $? = 0
configure:2916: result: o
configure:2920: checking whether we are using the GNU C compiler
configure:2939: gcc -c   conftest.c >&5
configure:2939: $? = 0
configure:2948: result: yes
configure:2957: checking whether gcc accepts -g
configure:2977: gcc -c -g  conftest.c >&5
configure:2977: $? = 0
configure:3018: result: yes
configure:3035: checking for gcc option to accept ISO C89
configure:3098: gcc  -c   conftest.c >&5
configure:3098: $? = 0
configure:3111: result: none needed
configure:3189: checking for g++
configure:3205: found /usr/bin/g++
configure:3216: result: g++
configure:3243: checking for C++ compiler version
configure:3252: g++ --version >&5
g++ (GCC) 4.4.7 20120313 (Red Hat 4.4.7-11)
Copyright (C) 2010 Free Software Foundation, Inc.
This is free software; see the source for copying conditions.  There is NO
warranty; not even for MERCHANTABILITY or FITNESS FOR A PARTICULAR PURPOSE.

configure:3263: $? = 0
configure:3252: g++ -v >&5
Using built-in specs.
Target: x86_64-redhat-linux
Configured with: ../configure --prefix=/usr --mandir=/usr/share/man --infodir=/usr/share/info --with-bugurl=http://bugzilla.redhat.com/bugzilla --enable-bootstrap --enable-shared --enable-threads=posix --enable-checking=release --with-system-zlib --enable-__cxa_atexit --disable-libunwind-exceptions --enable-gnu-unique-object --enable-languages=c,c++,objc,obj-c++,java,fortran,ada --enable-java-awt=gtk --disable-dssi --with-java-home=/usr/lib/jvm/java-1.5.0-gcj-1.5.0.0/jre --enable-libgcj-multifile --enable-java-maintainer-mode --with-ecj-jar=/usr/share/java/eclipse-ecj.jar --disable-libjava-multilib --with-ppl --with-cloog --with-tune=generic --with-arch_32=i686 --build=x86_64-redhat-linux
Thread model: posix
gcc version 4.4.7 20120313 (Red Hat 4.4.7-11) (GCC) 
configure:3263: $? = 0
configure:3252: g++ -V >&5
g++: '-V' option must have argument
configure:3263: $? = 1
configure:3252: g++ -qversion >&5
g++: unrecognized option '-qversion'
g++: no input files
configure:3263: $? = 1
configure:3267: checking whether we are using the GNU C++ compiler
configure:3286: g++ -c   conftest.cpp >&5
configure:3286: $? = 0
configure:3295: result: yes
configure:3304: checking whether g++ accepts -g
configure:3324: g++ -c -g  conftest.cpp >&5
configure:3324: $? = 0
configure:3365: result: yes
configure:3393: checking how to run the C++ preprocessor
configure:3420: g++ -E  conftest.cpp
configure:3420: $? = 0
configure:3434: g++ -E  conftest.cpp
conftest.cpp:9:28: error: ac_nonexistent.h: No such file or directory
configure:3434: $? = 1
configure: failed program was:
| /* confdefs.h */
| #define PACKAGE_NAME "muparser"
| #define PACKAGE_TARNAME "muparser"
| #define PACKAGE_VERSION "2.2.4"
| #define PACKAGE_STRING "muparser 2.2.4"
| #define PACKAGE_BUGREPORT "muparser@beltoforion.de"
| #define PACKAGE_URL ""
| /* end confdefs.h.  */
| #include <ac_nonexistent.h>
configure:3459: result: g++ -E
configure:3479: g++ -E  conftest.cpp
configure:3479: $? = 0
configure:3493: g++ -E  conftest.cpp
conftest.cpp:9:28: error: ac_nonexistent.h: No such file or directory
configure:3493: $? = 1
configure: failed program was:
| /* confdefs.h */
| #define PACKAGE_NAME "muparser"
| #define PACKAGE_TARNAME "muparser"
| #define PACKAGE_VERSION "2.2.4"
| #define PACKAGE_STRING "muparser 2.2.4"
| #define PACKAGE_BUGREPORT "muparser@beltoforion.de"
| #define PACKAGE_URL ""
| /* end confdefs.h.  */
| #include <ac_nonexistent.h>
configure:3538: checking for the --enable-debug option
configure:3545: result: no
configure:3580: checking for the --enable-shared option
configure:3587: result: no
configure:3602: checking for the --enable-samples option
configure:3605: result: yes
configure:3631: checking whether we are using the Intel C compiler
configure:3651: gcc -c  -O2   conftest.c >&5
conftest.c: In function 'main':
conftest.c:15: error: 'choke' undeclared (first use in this function)
conftest.c:15: error: (Each undeclared identifier is reported only once
conftest.c:15: error: for each function it appears in.)
conftest.c:15: error: expected ';' before 'me'
configure:3651: $? = 1
configure: failed program was:
| /* confdefs.h */
| #define PACKAGE_NAME "muparser"
| #define PACKAGE_TARNAME "muparser"
| #define PACKAGE_VERSION "2.2.4"
| #define PACKAGE_STRING "muparser 2.2.4"
| #define PACKAGE_BUGREPORT "muparser@beltoforion.de"
| #define PACKAGE_URL ""
| /* end confdefs.h.  */
| 
| int
| main ()
| {
| 
|              #ifndef __INTEL_COMPILER
|                 choke me
|              #endif
| 
|   ;
|   return 0;
| }
configure:3661: result: no
configure:4391: checking whether we are using the Intel C++ compiler
configure:4411: g++ -c  -O2   conftest.cpp >&5
conftest.cpp: In function 'int main()':
conftest.cpp:15: error: 'choke' was not declared in this scope
conftest.cpp:15: error: expected ';' before 'me'
configure:4411: $? = 1
configure: failed program was:
| /* confdefs.h */
| #define PACKAGE_NAME "muparser"
| #define PACKAGE_TARNAME "muparser"
| #define PACKAGE_VERSION "2.2.4"
| #define PACKAGE_STRING "muparser 2.2.4"
| #define PACKAGE_BUGREPORT "muparser@beltoforion.de"
| #define PACKAGE_URL ""
| /* end confdefs.h.  */
| 
| int
| main ()
| {
| 
|              #ifndef __INTEL_COMPILER
|                 choke me
|              #endif
| 
|   ;
|   return 0;
| }
configure:4421: result: no
configure:4919: checking whether we are using the Sun C++ compiler
configure:4939: g++ -c  -O2   conftest.cpp >&5
conftest.cpp: In function 'int main()':
conftest.cpp:15: error: 'choke' was not declared in this scope
conftest.cpp:15: error: expected ';' before 'me'
configure:4939: $? = 1
configure: failed program was:
| /* confdefs.h */
| #define PACKAGE_NAME "muparser"
| #define PACKAGE_TARNAME "muparser"
| #define PACKAGE_VERSION "2.2.4"
| #define PACKAGE_STRING "muparser 2.2.4"
| #define PACKAGE_BUGREPORT "muparser@beltoforion.de"
| #define PACKAGE_URL ""
| /* end confdefs.h.  */
| 
| int
| main ()
| {
| 
|              #ifndef __SUNPRO_CC
|                 choke me
|              #endif
| 
|   ;
|   return 0;
| }
configure:4949: result: no
configure:5197: checking for ranlib
configure:5224: result: ranlib
configure:5247: checking whether ln -s works
configure:5251: result: yes
configure:5259: checking whether make sets $(MAKE)
configure:5281: result: yes
configure:5344: checking for ar
configure:5360: found /usr/bin/ar
configure:5371: result: ar
configure:5440: checking for strip
configure:5456: found /usr/bin/strip
configure:5467: result: strip
configure:5532: checking for nm
configure:5548: found /usr/bin/nm
configure:5559: result: nm
configure:5582: checking for command to install directories
configure:5589: result: /usr/bin/install -c -d
configure:5607: checking if make is GNU make
configure:5621: result: yes
configure:6663: checking for dependency tracking method
configure:6684: result: gcc
configure:7310: creating ./config.status

## ---------------------- ##
## Running config.status. ##
## ---------------------- ##

This file was extended by muparser config.status 2.2.4, which was
generated by GNU Autoconf 2.69.  Invocation command line was

  CONFIG_FILES    = 
  CONFIG_HEADERS  = 
  CONFIG_LINKS    = 
  CONFIG_COMMANDS = 
  $ ./config.status 

on hilbert.i2lab.ucf.edu

config.status:810: creating Makefile
config.status:810: creating build/autoconf/muparser.pc

## ---------------- ##
## Cache variables. ##
## ---------------- ##

ac_cv_build=x86_64-unknown-linux-gnu
ac_cv_c_compiler_gnu=yes
ac_cv_cxx_compiler_gnu=yes
ac_cv_env_CCC_set=
ac_cv_env_CCC_value=
ac_cv_env_CC_set=
ac_cv_env_CC_value=
ac_cv_env_CFLAGS_set=
ac_cv_env_CFLAGS_value=
ac_cv_env_CPPFLAGS_set=
ac_cv_env_CPPFLAGS_value=
ac_cv_env_CXXCPP_set=
ac_cv_env_CXXCPP_value=
ac_cv_env_CXXFLAGS_set=
ac_cv_env_CXXFLAGS_value=
ac_cv_env_CXX_set=
ac_cv_env_CXX_value=
ac_cv_env_LDFLAGS_set=
ac_cv_env_LDFLAGS_value=
ac_cv_env_LIBS_set=
ac_cv_env_LIBS_value=
ac_cv_env_build_alias_set=
ac_cv_env_build_alias_value=
ac_cv_env_host_alias_set=
ac_cv_env_host_alias_value=
ac_cv_env_target_alias_set=
ac_cv_env_target_alias_value=
ac_cv_host=x86_64-unknown-linux-gnu
ac_cv_objext=o
ac_cv_path_install='/usr/bin/install -c'
ac_cv_prog_AWK=gawk
ac_cv_prog_CXXCPP='g++ -E'
ac_cv_prog_ac_ct_AR=ar
ac_cv_prog_ac_ct_CC=gcc
ac_cv_prog_ac_ct_CXX=g++
ac_cv_prog_ac_ct_NM=nm
ac_cv_prog_ac_ct_RANLIB=ranlib
ac_cv_prog_ac_ct_STRIP=strip
ac_cv_prog_cc_c89=
ac_cv_prog_cc_g=yes
ac_cv_prog_cxx_g=yes
ac_cv_prog_make_make_set=yes
ac_cv_target=x86_64-unknown-linux-gnu
bakefile_cv_c_compiler___INTEL_COMPILER=no
bakefile_cv_cxx_compiler___INTEL_COMPILER=no
bakefile_cv_cxx_compiler___SUNPRO_CC=no
bakefile_cv_prog_makeisgnu=yes

## ----------------- ##
## Output variables. ##
## ----------------- ##

AIX_CXX_LD=''
AR='ar'
AROPTIONS='rcu'
AWK='gawk'
BK_DEPS='/home/rschiro/ParameterDiscovery/cluster_message_sample/BioNetGen-2.2.6/Network3/muparser_v2_2_4/bk-deps'
CC='gcc'
CFLAGS=' -O2 '
COND_DEBUG_0=''
COND_DEBUG_1='#'
COND_DEPS_TRACKING_0='#'
COND_DEPS_TRACKING_1=''
COND_PLATFORM_MACOSX_0_USE_SOVERCYGWIN_0_USE_SOVERSION_1=''
COND_PLATFORM_MACOSX_0_USE_SOVERSION_1=''
COND_PLATFORM_MACOSX_1='#'
COND_PLATFORM_MACOSX_1_USE_SOVERSION_1='#'
COND_PLATFORM_MAC_0=''
COND_PLATFORM_MAC_1='#'
COND_PLATFORM_OS2_1='#'
COND_SAMPLES_1=''
COND_SHARED_0=''
COND_SHARED_1='#'
COND_USE_SOTWOSYMLINKS_1=''
COND_USE_SOVERCYGWIN_1_USE_SOVERSION_1='#'
COND_USE_SOVERLINUX_1=''
COND_USE_SOVERSION_0='#'
COND_USE_SOVERSION_1_USE_SOVERSOLARIS_1='#'
COND_USE_SOVERSOLARIS_1='#'
COND_WINDOWS_IMPLIB_1='#'
CPPFLAGS=''
CXX='g++'
CXXCPP='g++ -E'
CXXFLAGS=' -O2 '
DEFS='-DPACKAGE_NAME=\"muparser\" -DPACKAGE_TARNAME=\"muparser\" -DPACKAGE_VERSION=\"2.2.4\" -DPACKAGE_STRING=\"muparser\ 2.2.4\" -DPACKAGE_BUGREPORT=\"muparser@beltoforion.de\" -DPACKAGE_URL=\"\"'
DEPS_TRACKING='1'
DLLIMP_SUFFIX='so'
DLLPREFIX='lib'
DLLPREFIX_MODULE=''
ECHO_C=''
ECHO_N='-n'
ECHO_T=''
EXEEXT=''
IF_GNU_MAKE=''
INSTALL_DATA='${INSTALL} -m 644'
INSTALL_DIR='$(INSTALL) -d'
INSTALL_PROGRAM='${INSTALL}'
INSTALL_SCRIPT='${INSTALL}'
LDFLAGS=''
LDFLAGS_GUI=''
LIBEXT='.a'
LIBOBJS=''
LIBPREFIX='lib'
LIBS=''
LN_S='ln -s'
LTLIBOBJS=''
MAKE_SET=''
NM='nm'
OBJCXXFLAGS=''
OBJEXT='o'
PACKAGE_BUGREPORT='muparser@beltoforion.de'
PACKAGE_NAME='muparser'
PACKAGE_STRING='muparser 2.2.4'
PACKAGE_TARNAME='muparser'
PACKAGE_URL=''
PACKAGE_VERSION='2.2.4'
PATH_SEPARATOR=':'
PIC_FLAG='-fPIC -DPIC'
PLATFORM_BEOS='0'
PLATFORM_MAC='0'
PLATFORM_MACOS='0'
PLATFORM_MACOSX='0'
PLATFORM_MSDOS='0'
PLATFORM_OS2='0'
PLATFORM_UNIX='1'
PLATFORM_WIN32='0'
RANLIB='ranlib'
REZ=''
SETFILE=''
SET_MAKE=''
SHARED_LD_CC='$(CC) -shared -fPIC -o'
SHARED_LD_CXX='$(CXX) -shared -fPIC -o'
SHARED_LD_MODULE_CC='$(CC) -shared -fPIC -o'
SHARED_LD_MODULE_CXX='$(CXX) -shared -fPIC -o'
SHELL='/bin/sh'
SONAME_FLAG='-Wl,-soname,'
SO_SUFFIX='so'
SO_SUFFIX_MODULE='so'
STRIP='strip'
USE_MACVERSION='0'
USE_SOTWOSYMLINKS='1'
USE_SOVERCYGWIN='0'
USE_SOVERLINUX='1'
USE_SOVERSION='1'
USE_SOVERSOLARIS='0'
WINDOWS_IMPLIB='0'
WINDRES=''
ac_ct_CC='gcc'
ac_ct_CXX='g++'
bindir='${exec_prefix}/bin'
build='x86_64-unknown-linux-gnu'
build_alias=''
build_cpu='x86_64'
build_os='linux-gnu'
build_vendor='unknown'
datadir='${datarootdir}'
datarootdir='${prefix}/share'
dlldir='${exec_prefix}/lib'
docdir='${datarootdir}/doc/${PACKAGE_TARNAME}'
dvidir='${docdir}'
exec_prefix='${prefix}'
host='x86_64-unknown-linux-gnu'
host_alias=''
host_cpu='x86_64'
host_os='linux-gnu'
host_vendor='unknown'
htmldir='${docdir}'
includedir='${prefix}/include'
infodir='${datarootdir}/info'
libdir='${exec_prefix}/lib'
libexecdir='${exec_prefix}/libexec'
localedir='${datarootdir}/locale'
localstatedir='${prefix}/var'
mandir='${datarootdir}/man'
oldincludedir='/usr/include'
pdfdir='${docdir}'
prefix='/home/rschiro/ParameterDiscovery/cluster_message_sample/BioNetGen-2.2.6'
program_transform_name='s,x,x,'
psdir='${docdir}'
sbindir='${exec_prefix}/sbin'
sharedstatedir='${prefix}/com'
sysconfdir='${prefix}/etc'
target='x86_64-unknown-linux-gnu'
target_alias=''
target_cpu='x86_64'
target_os='linux-gnu'
target_vendor='unknown'

## ----------- ##
## confdefs.h. ##
## ----------- ##

/* confdefs.h */
#define PACKAGE_NAME "muparser"
#define PACKAGE_TARNAME "muparser"
#define PACKAGE_VERSION "2.2.4"
#define PACKAGE_STRING "muparser 2.2.4"
#define PACKAGE_BUGREPORT "muparser@beltoforion.de"
#define PACKAGE_URL ""

configure: exit 0
